[00:26:50] [Client thread/ERROR]: Can't find the resource index file: assets\indexes\1.8.json
[00:26:50] [Client thread/INFO]: Setting user: Player484
[00:26:50] [Client thread/INFO]: (Session ID is token:0:Player484)
[00:26:51] [Client thread/INFO]: [OptiFine] *** Reflector Forge ***
[00:26:51] [Client thread/INFO]: [OptiFine] (Reflector) Class not present: net.minecraftforge.client.model.Attributes
[00:26:51] [Client thread/INFO]: [OptiFine] (Reflector) Class not present: mods.betterfoliage.client.BetterFoliageClient
[00:26:51] [Client thread/INFO]: [OptiFine] (Reflector) Class not present: net.minecraftforge.fml.common.asm.transformers.BlamingTransformer
[00:26:51] [Client thread/INFO]: [OptiFine] (Reflector) Class not present: net.minecraftforge.event.world.ChunkWatchEvent$UnWatch
[00:26:51] [Client thread/INFO]: [OptiFine] (Reflector) Class not present: net.minecraftforge.fml.relauncher.CoreModManager
[00:26:51] [Client thread/INFO]: [OptiFine] (Reflector) Class not present: net.minecraftforge.common.DimensionManager
[00:26:51] [Client thread/INFO]: [OptiFine] (Reflector) Class not present: net.minecraftforge.client.event.GuiScreenEvent$DrawScreenEvent$Pre
[00:26:51] [Client thread/INFO]: [OptiFine] (Reflector) Class not present: net.minecraftforge.client.event.GuiScreenEvent$DrawScreenEvent$Post
[00:26:51] [Client thread/INFO]: [OptiFine] (Reflector) Class not present: net.minecraftforge.client.event.EntityViewRenderEvent$CameraSetup
[00:26:51] [Client thread/INFO]: [OptiFine] (Reflector) Class not present: net.minecraftforge.client.event.EntityViewRenderEvent$FogColors
[00:26:51] [Client thread/INFO]: [OptiFine] (Reflector) Class not present: net.minecraftforge.fml.common.eventhandler.Event
[00:26:51] [Client thread/INFO]: [OptiFine] (Reflector) Class not present: net.minecraftforge.fml.common.eventhandler.EventBus
[00:26:51] [Client thread/INFO]: [OptiFine] (Reflector) Class not present: net.minecraftforge.fml.common.eventhandler.Event$Result
[00:26:51] [Client thread/INFO]: [OptiFine] (Reflector) Class not present: net.minecraftforge.common.property.ExtendedBlockState
[00:26:51] [Client thread/INFO]: [OptiFine] (Reflector) Class not present: net.minecraftforge.fml.client.FMLClientHandler
[00:26:51] [Client thread/INFO]: [OptiFine] (Reflector) Class not present: net.minecraftforge.fml.common.FMLCommonHandler
[00:26:51] [Client thread/INFO]: [OptiFine] (Reflector) Method not present: net.minecraft.world.biome.BiomeGenBase.getWaterColorMultiplier
[00:26:51] [Client thread/INFO]: [OptiFine] (Reflector) Method not present: net.minecraft.block.Block.addDestroyEffects
[00:26:51] [Client thread/INFO]: [OptiFine] (Reflector) Method not present: net.minecraft.block.Block.addHitEffects
[00:26:51] [Client thread/INFO]: [OptiFine] (Reflector) Method not present: net.minecraft.block.Block.canCreatureSpawn
[00:26:51] [Client thread/INFO]: [OptiFine] (Reflector) Method not present: net.minecraft.block.Block.canRenderInLayer
[00:26:51] [Client thread/INFO]: [OptiFine] (Reflector) Method not present: net.minecraft.block.Block.doesSideBlockRendering
[00:26:51] [Client thread/INFO]: [OptiFine] (Reflector) Method not present: net.minecraft.block.Block.getBedDirection
[00:26:51] [Client thread/INFO]: [OptiFine] (Reflector) Method not present: net.minecraft.block.Block.getExtendedState
[00:26:51] [Client thread/INFO]: [OptiFine] (Reflector) Method not present: net.minecraft.block.Block.hasTileEntity
[00:26:51] [Client thread/INFO]: [OptiFine] (Reflector) Method not present: net.minecraft.block.Block.isAir
[00:26:51] [Client thread/INFO]: [OptiFine] (Reflector) Method not present: net.minecraft.block.Block.isBed
[00:26:51] [Client thread/INFO]: [OptiFine] (Reflector) Method not present: net.minecraft.block.Block.isBedFoot
[00:26:51] [Client thread/INFO]: [OptiFine] (Reflector) Method not present: net.minecraft.block.Block.isSideSolid
[00:26:51] [Client thread/INFO]: [OptiFine] (Reflector) Method not present: net.minecraft.entity.Entity.canRiderInteract
[00:26:51] [Client thread/INFO]: [OptiFine] (Reflector) Field not present: net.minecraft.entity.Entity.captureDrops
[00:26:51] [Client thread/INFO]: [OptiFine] (Reflector) Field not present: net.minecraft.entity.Entity.capturedDrops
[00:26:51] [Client thread/INFO]: [OptiFine] (Reflector) Method not present: net.minecraft.entity.Entity.shouldRenderInPass
[00:26:51] [Client thread/INFO]: [OptiFine] (Reflector) Method not present: net.minecraft.entity.Entity.shouldRiderSit
[00:26:51] [Client thread/INFO]: [OptiFine] (Reflector) Class not present: net.minecraftforge.event.ForgeEventFactory
[00:26:51] [Client thread/INFO]: [OptiFine] (Reflector) Class not present: net.minecraftforge.common.ForgeHooks
[00:26:51] [Client thread/INFO]: [OptiFine] (Reflector) Class not present: net.minecraftforge.client.ForgeHooksClient
[00:26:51] [Client thread/INFO]: [OptiFine] (Reflector) Method not present: net.minecraft.item.Item.getDurabilityForDisplay
[00:26:51] [Client thread/INFO]: [OptiFine] (Reflector) Method not present: net.minecraft.item.Item.getModel
[00:26:51] [Client thread/INFO]: [OptiFine] (Reflector) Method not present: net.minecraft.item.Item.onEntitySwing
[00:26:51] [Client thread/INFO]: [OptiFine] (Reflector) Method not present: net.minecraft.item.Item.shouldCauseReequipAnimation
[00:26:51] [Client thread/INFO]: [OptiFine] (Reflector) Method not present: net.minecraft.item.Item.showDurabilityBar
[00:26:51] [Client thread/INFO]: [OptiFine] (Reflector) Method not present: net.minecraft.item.ItemRecord.getRecordResource
[00:26:51] [Client thread/INFO]: [OptiFine] (Reflector) Class not present: net.minecraftforge.common.ForgeModContainer
[00:26:51] [Client thread/INFO]: [OptiFine] (Reflector) Method not present: net.minecraft.potion.PotionEffect.isCurativeItem
[00:26:51] [Client thread/INFO]: [OptiFine] (Reflector) Method not present: net.minecraft.tileentity.TileEntity.canRenderBreaking
[00:26:51] [Client thread/INFO]: [OptiFine] (Reflector) Method not present: net.minecraft.tileentity.TileEntity.getRenderBoundingBox
[00:26:51] [Client thread/INFO]: [OptiFine] (Reflector) Method not present: net.minecraft.tileentity.TileEntity.hasFastRenderer
[00:26:51] [Client thread/INFO]: [OptiFine] (Reflector) Method not present: net.minecraft.tileentity.TileEntity.shouldRenderInPass
[00:26:51] [Client thread/INFO]: [OptiFine] (Reflector) Method not present: net.minecraft.client.renderer.tileentity.TileEntityRendererDispatcher.preDrawBatch
[00:26:51] [Client thread/INFO]: [OptiFine] (Reflector) Method not present: net.minecraft.client.renderer.tileentity.TileEntityRendererDispatcher.drawBatch
[00:26:51] [Client thread/INFO]: [OptiFine] (Reflector) Method not present: net.minecraft.client.renderer.vertex.VertexFormatElement$EnumUsage.preDraw
[00:26:51] [Client thread/INFO]: [OptiFine] (Reflector) Method not present: net.minecraft.client.renderer.vertex.VertexFormatElement$EnumUsage.postDraw
[00:26:51] [Client thread/INFO]: [OptiFine] (Reflector) Method not present: net.minecraft.world.World.countEntities
[00:26:51] [Client thread/INFO]: [OptiFine] (Reflector) Method not present: net.minecraft.world.World.getPerWorldStorage
[00:26:51] [Client thread/INFO]: [OptiFine] (Reflector) Method not present: net.minecraft.world.WorldProvider.getCloudRenderer
[00:26:51] [Client thread/INFO]: [OptiFine] (Reflector) Method not present: net.minecraft.world.WorldProvider.getSkyRenderer
[00:26:51] [Client thread/INFO]: [OptiFine] (Reflector) Method not present: net.minecraft.world.WorldProvider.getWeatherRenderer
[00:26:51] [Client thread/INFO]: [OptiFine] (Reflector) Class not present: net.minecraftforge.fml.client.GuiModList
[00:26:51] [Client thread/INFO]: [OptiFine] (Reflector) Class not present: net.minecraftforge.client.model.IColoredBakedQuad
[00:26:51] [Client thread/INFO]: [OptiFine] (Reflector) Class not present: net.minecraftforge.common.property.IExtendedBlockState
[00:26:51] [Client thread/INFO]: [OptiFine] (Reflector) Class not present: net.minecraftforge.client.IRenderHandler
[00:26:51] [Client thread/INFO]: [OptiFine] (Reflector) Class not present: net.minecraftforge.client.model.ISmartBlockModel
[00:26:51] [Client thread/INFO]: [OptiFine] (Reflector) Class not present: net.minecraftforge.client.ItemModelMesherForge
[00:26:51] [Client thread/INFO]: [OptiFine] (Reflector) Class not present: net.minecraft.launchwrapper.Launch
[00:26:51] [Client thread/INFO]: [OptiFine] (Reflector) Class not present: net.minecraftforge.client.model.pipeline.LightUtil
[00:26:51] [Client thread/INFO]: [OptiFine] (Reflector) Class not present: net.minecraftforge.common.MinecraftForge
[00:26:51] [Client thread/INFO]: [OptiFine] (Reflector) Class not present: net.minecraftforge.client.MinecraftForgeClient
[00:26:51] [Client thread/INFO]: [OptiFine] (Reflector) Class not present: net.minecraftforge.client.model.ModelLoader
[00:26:51] [Client thread/INFO]: [OptiFine] (Reflector) Class not present: net.minecraftforge.client.event.RenderBlockOverlayEvent$OverlayType
[00:26:51] [Client thread/INFO]: [OptiFine] (Reflector) Class not present: net.minecraftforge.fml.client.registry.RenderingRegistry
[00:26:51] [Client thread/INFO]: [OptiFine] (Reflector) Class not present: net.minecraftforge.client.event.RenderItemInFrameEvent
[00:26:51] [Client thread/INFO]: [OptiFine] (Reflector) Class not present: net.minecraftforge.client.event.RenderLivingEvent$Pre
[00:26:51] [Client thread/INFO]: [OptiFine] (Reflector) Class not present: net.minecraftforge.client.event.RenderLivingEvent$Post
[00:26:51] [Client thread/INFO]: [OptiFine] (Reflector) Class not present: net.minecraftforge.client.event.RenderLivingEvent$Specials$Pre
[00:26:51] [Client thread/INFO]: [OptiFine] (Reflector) Class not present: net.minecraftforge.client.event.RenderLivingEvent$Specials$Post
[00:26:51] [Client thread/INFO]: [OptiFine] (Reflector) Class not present: net.minecraftforge.fml.client.SplashProgress
[00:26:51] [Client thread/INFO]: [OptiFine] (Reflector) Class not present: net.minecraftforge.event.world.WorldEvent$Load
[00:26:51] [Client thread/INFO]: [OptiFine] *** Reflector Vanilla ***
[00:26:51] [Client thread/INFO]: [OptiFine] (Reflector) Class not present: optifine.OptiFineClassTransformer
[00:26:51] [Client thread/INFO]: LWJGL Version: 2.9.4
[00:26:52] [Client thread/INFO]: [OptiFine] 
[00:26:52] [Client thread/INFO]: [OptiFine] OptiFine_1.8.8_HD_U_H8
[00:26:52] [Client thread/INFO]: [OptiFine] Build: null
[00:26:52] [Client thread/INFO]: [OptiFine] OS: Windows 10 (amd64) version 10.0
[00:26:52] [Client thread/INFO]: [OptiFine] Java: 1.8.0_342, Temurin
[00:26:52] [Client thread/INFO]: [OptiFine] VM: OpenJDK 64-Bit Server VM (mixed mode), Temurin
[00:26:52] [Client thread/INFO]: [OptiFine] LWJGL: 2.9.4
[00:26:52] [Client thread/INFO]: [OptiFine] OpenGL: AMD Radeon HD 7700 Series, version 4.6.14757 Compatibility Profile Context 20.11.2 27.20.14501.18003, ATI Technologies Inc.
[00:26:52] [Client thread/INFO]: [OptiFine] OpenGL Version: 4.6.14757
[00:26:52] [Client thread/INFO]: [OptiFine] OpenGL Fancy fog: Not available (GL_NV_fog_distance)
[00:26:52] [Client thread/INFO]: [OptiFine] Maximum texture size: 16384x16384
[00:26:52] [Client thread/INFO]: [Shaders] ShadersMod version: 2.4.12
[00:26:52] [Client thread/INFO]: [Shaders] OpenGL Version: 4.6.14757 Compatibility Profile Context 20.11.2 27.20.14501.18003
[00:26:52] [Client thread/INFO]: [Shaders] Vendor:  ATI Technologies Inc.
[00:26:52] [Client thread/INFO]: [Shaders] Renderer: AMD Radeon HD 7700 Series
[00:26:52] [Client thread/INFO]: [Shaders] Capabilities:  2.0  2.1  3.0  3.2  4.0 
[00:26:52] [Client thread/INFO]: [Shaders] GL_MAX_DRAW_BUFFERS: 8
[00:26:52] [Client thread/INFO]: [Shaders] GL_MAX_COLOR_ATTACHMENTS_EXT: 8
[00:26:52] [Client thread/INFO]: [Shaders] GL_MAX_TEXTURE_IMAGE_UNITS: 32
[00:26:52] [Client thread/INFO]: [Shaders] Load ShadersMod configuration.
[00:26:52] [Client thread/INFO]: [Shaders] Save ShadersMod configuration.
[00:26:52] [Client thread/INFO]: [Shaders] Shaders can not be loaded, Fast Render is enabled.
[00:26:52] [Client thread/INFO]: [Shaders] No shaderpack loaded.
[00:26:53] [Client thread/INFO]: Reloading ResourceManager: Default
[00:26:53] [Client thread/INFO]: [OptiFine] *** Reloading textures ***
[00:26:53] [Client thread/INFO]: [OptiFine] Resource packs: Default
[00:26:54] [Sound Library Loader/INFO]: Starting up SoundSystem...
[00:26:55] [Thread-8/INFO]: Initializing LWJGL OpenAL
[00:26:55] [Thread-8/INFO]: (The LWJGL binding of OpenAL.  For more information, see http://www.lwjgl.org)
[00:26:55] [Thread-8/INFO]: OpenAL initialized.
[00:26:55] [Sound Library Loader/INFO]: Sound engine started
[00:26:56] [Client thread/INFO]: [OptiFine] Mipmap levels: 4
[00:26:56] [Client thread/INFO]: [OptiFine] Multitexture: false
[00:26:56] [Client thread/INFO]: [OptiFine] ConnectedTextures: mcpatcher/ctm/default/0_glass_white/glass_pane_white.properties
[00:26:56] [Client thread/INFO]: [OptiFine] ConnectedTextures: mcpatcher/ctm/default/0_glass_white/glass_white.properties
[00:26:56] [Client thread/INFO]: [OptiFine] ConnectedTextures: mcpatcher/ctm/default/10_glass_purple/glass_pane_purple.properties
[00:26:56] [Client thread/INFO]: [OptiFine] ConnectedTextures: mcpatcher/ctm/default/10_glass_purple/glass_purple.properties
[00:26:56] [Client thread/INFO]: [OptiFine] ConnectedTextures: mcpatcher/ctm/default/11_glass_blue/glass_blue.properties
[00:26:56] [Client thread/INFO]: [OptiFine] ConnectedTextures: mcpatcher/ctm/default/11_glass_blue/glass_pane_blue.properties
[00:26:56] [Client thread/INFO]: [OptiFine] ConnectedTextures: mcpatcher/ctm/default/12_glass_brown/glass_brown.properties
[00:26:56] [Client thread/INFO]: [OptiFine] ConnectedTextures: mcpatcher/ctm/default/12_glass_brown/glass_pane_brown.properties
[00:26:56] [Client thread/INFO]: [OptiFine] ConnectedTextures: mcpatcher/ctm/default/13_glass_green/glass_green.properties
[00:26:56] [Client thread/INFO]: [OptiFine] ConnectedTextures: mcpatcher/ctm/default/13_glass_green/glass_pane_green.properties
[00:26:56] [Client thread/INFO]: [OptiFine] ConnectedTextures: mcpatcher/ctm/default/14_glass_red/glass_pane_red.properties
[00:26:56] [Client thread/INFO]: [OptiFine] ConnectedTextures: mcpatcher/ctm/default/14_glass_red/glass_red.properties
[00:26:56] [Client thread/INFO]: [OptiFine] ConnectedTextures: mcpatcher/ctm/default/15_glass_black/glass_black.properties
[00:26:57] [Client thread/INFO]: [OptiFine] ConnectedTextures: mcpatcher/ctm/default/15_glass_black/glass_pane_black.properties
[00:26:57] [Client thread/INFO]: [OptiFine] ConnectedTextures: mcpatcher/ctm/default/1_glass_orange/glass_orange.properties
[00:26:57] [Client thread/INFO]: [OptiFine] ConnectedTextures: mcpatcher/ctm/default/1_glass_orange/glass_pane_orange.properties
[00:26:57] [Client thread/INFO]: [OptiFine] ConnectedTextures: mcpatcher/ctm/default/2_glass_magenta/glass_magenta.properties
[00:26:57] [Client thread/INFO]: [OptiFine] ConnectedTextures: mcpatcher/ctm/default/2_glass_magenta/glass_pane_magenta.properties
[00:26:57] [Client thread/INFO]: [OptiFine] ConnectedTextures: mcpatcher/ctm/default/3_glass_light_blue/glass_light_blue.properties
[00:26:57] [Client thread/INFO]: [OptiFine] ConnectedTextures: mcpatcher/ctm/default/3_glass_light_blue/glass_pane_light_blue.properties
[00:26:57] [Client thread/INFO]: [OptiFine] ConnectedTextures: mcpatcher/ctm/default/4_glass_yellow/glass_pane_yellow.properties
[00:26:57] [Client thread/INFO]: [OptiFine] ConnectedTextures: mcpatcher/ctm/default/4_glass_yellow/glass_yellow.properties
[00:26:57] [Client thread/INFO]: [OptiFine] ConnectedTextures: mcpatcher/ctm/default/5_glass_lime/glass_lime.properties
[00:26:57] [Client thread/INFO]: [OptiFine] ConnectedTextures: mcpatcher/ctm/default/5_glass_lime/glass_pane_lime.properties
[00:26:57] [Client thread/INFO]: [OptiFine] ConnectedTextures: mcpatcher/ctm/default/6_glass_pink/glass_pane_pink.properties
[00:26:57] [Client thread/INFO]: [OptiFine] ConnectedTextures: mcpatcher/ctm/default/6_glass_pink/glass_pink.properties
[00:26:57] [Client thread/INFO]: [OptiFine] ConnectedTextures: mcpatcher/ctm/default/7_glass_gray/glass_gray.properties
[00:26:57] [Client thread/INFO]: [OptiFine] ConnectedTextures: mcpatcher/ctm/default/7_glass_gray/glass_pane_gray.properties
[00:26:57] [Client thread/INFO]: [OptiFine] ConnectedTextures: mcpatcher/ctm/default/8_glass_silver/glass_pane_silver.properties
[00:26:57] [Client thread/INFO]: [OptiFine] ConnectedTextures: mcpatcher/ctm/default/8_glass_silver/glass_silver.properties
[00:26:57] [Client thread/INFO]: [OptiFine] ConnectedTextures: mcpatcher/ctm/default/9_glass_cyan/glass_cyan.properties
[00:26:57] [Client thread/INFO]: [OptiFine] ConnectedTextures: mcpatcher/ctm/default/9_glass_cyan/glass_pane_cyan.properties
[00:26:57] [Client thread/INFO]: [OptiFine] ConnectedTextures: mcpatcher/ctm/default/bookshelf.properties
[00:26:57] [Client thread/INFO]: [OptiFine] ConnectedTextures: mcpatcher/ctm/default/glass.properties
[00:26:57] [Client thread/INFO]: [OptiFine] ConnectedTextures: mcpatcher/ctm/default/glasspane.properties
[00:26:57] [Client thread/INFO]: [OptiFine] ConnectedTextures: mcpatcher/ctm/default/sandstone.properties
[00:26:57] [Client thread/INFO]: [OptiFine] Multipass connected textures: false
[00:26:58] [Client thread/INFO]: Created: 1024x512 textures-atlas
[00:27:00] [Client thread/INFO]: [OptiFine] *** Reloading custom textures ***
[00:27:00] [Client thread/INFO]: [OptiFine] Enable face culling: acacia_leaves, birch_leaves, dark_oak_leaves, jungle_leaves, oak_leaves, spruce_leaves
[00:27:06] [Client thread/WARN]: Unable to play unknown soundEvent: minecraft:music.menu
[00:27:11] [Client thread/WARN]: Unable to play unknown soundEvent: minecraft:music.menu
[00:27:22] [Client thread/WARN]: Unable to play unknown soundEvent: minecraft:music.menu
[00:27:33] [Client thread/WARN]: Unable to play unknown soundEvent: minecraft:music.menu
[00:27:46] [Client thread/WARN]: Unable to play unknown soundEvent: minecraft:music.menu
[00:28:02] [Client thread/WARN]: Unable to play unknown soundEvent: minecraft:gui.button.press
[00:28:03] [Server thread/INFO]: Starting integrated minecraft server version 1.8.8
[00:28:03] [Server thread/INFO]: Generating keypair
[00:28:03] [Server thread/INFO]: Preparing start region for level 0
[00:28:04] [Server thread/INFO]: Changing view distance to 8, from 10
[00:28:04] [Server thread/INFO]: SpyMiner[local:E:163fef92] logged in with entity id 361 at (77.30000001192093, 75.0, 213.69999998807907)
[00:28:04] [Server thread/INFO]: SpyMiner joined the game
[00:28:07] [Server thread/INFO]: Saving and pausing game...
[00:28:07] [Server thread/INFO]: Saving chunks for level 'Test'/Overworld
[00:28:07] [Server thread/INFO]: Saving chunks for level 'Test'/Nether
[00:28:07] [Server thread/INFO]: Saving chunks for level 'Test'/The End
[00:28:08] [Client thread/WARN]: Unable to play unknown soundEvent: minecraft:gui.button.press
[00:28:16] [Client thread/WARN]: Unable to play unknown soundEvent: minecraft:step.grass
[00:28:16] [Client thread/WARN]: Unable to play unknown soundEvent: minecraft:music.game.creative
[00:28:17] [Client thread/WARN]: Unable to play unknown soundEvent: minecraft:step.grass
[00:28:17] [Client thread/WARN]: Unable to play unknown soundEvent: minecraft:step.grass
[00:28:17] [Client thread/WARN]: Unable to play unknown soundEvent: minecraft:step.grass
[00:28:18] [Client thread/WARN]: Unable to play unknown soundEvent: minecraft:step.grass
[00:28:18] [Server thread/INFO]: Saving and pausing game...
[00:28:18] [Server thread/INFO]: Saving chunks for level 'Test'/Overworld
[00:28:18] [Server thread/INFO]: Saving chunks for level 'Test'/Nether
[00:28:18] [Server thread/INFO]: Saving chunks for level 'Test'/The End
[00:28:20] [Client thread/WARN]: Unable to play unknown soundEvent: minecraft:gui.button.press
[00:28:21] [Server thread/INFO]: Stopping server
[00:28:21] [Server thread/INFO]: Saving players
[00:28:21] [Server thread/INFO]: Saving worlds
[00:28:21] [Server thread/INFO]: Saving chunks for level 'Test'/Overworld
[00:28:21] [Server thread/INFO]: Saving chunks for level 'Test'/Nether
[00:28:21] [Server thread/INFO]: Saving chunks for level 'Test'/The End
[00:28:21] [Client thread/WARN]: Unable to play unknown soundEvent: minecraft:gui.button.press
[00:28:32] [Client thread/WARN]: Unable to play unknown soundEvent: minecraft:gui.button.press
[00:28:35] [Client thread/WARN]: Unable to play unknown soundEvent: minecraft:gui.button.press
[00:28:43] [Client thread/WARN]: Unable to play unknown soundEvent: minecraft:gui.button.press
[00:28:45] [Client thread/WARN]: Unable to play unknown soundEvent: minecraft:gui.button.press
[00:29:19] [Client thread/WARN]: Unable to play unknown soundEvent: minecraft:gui.button.press
[00:29:22] [Client thread/INFO]: Connecting to localhost, 25565
[00:29:23] [Client thread/WARN]: Unable to play unknown soundEvent: minecraft:game.hostile.swim.splash
[00:29:23] [Client thread/WARN]: Unable to play unknown soundEvent: minecraft:mob.skeleton.say
[00:29:24] [Client thread/WARN]: Unable to play unknown soundEvent: minecraft:game.hostile.swim.splash
[00:29:25] [Client thread/WARN]: Unable to play unknown soundEvent: minecraft:step.grass
[00:29:25] [Client thread/WARN]: Unable to play unknown soundEvent: minecraft:game.hostile.swim.splash
[00:29:25] [Client thread/WARN]: Unable to play unknown soundEvent: minecraft:step.grass
[00:29:26] [Client thread/WARN]: Unable to play unknown soundEvent: minecraft:step.grass
[00:29:27] [Client thread/WARN]: Unable to play unknown soundEvent: minecraft:step.grass
[00:29:29] [Client thread/WARN]: Unable to play unknown soundEvent: minecraft:step.grass
[00:29:29] [Client thread/WARN]: Unable to play unknown soundEvent: minecraft:step.grass
[00:29:29] [Client thread/WARN]: Unable to play unknown soundEvent: minecraft:step.grass
[00:29:30] [Client thread/WARN]: Unable to play unknown soundEvent: minecraft:step.grass
[00:29:30] [Client thread/WARN]: Unable to play unknown soundEvent: minecraft:game.hostile.swim.splash
[00:29:30] [Client thread/WARN]: Unable to play unknown soundEvent: minecraft:step.grass
[00:29:30] [Client thread/WARN]: Unable to play unknown soundEvent: minecraft:game.hostile.swim.splash
[00:29:30] [Client thread/WARN]: Unable to play unknown soundEvent: minecraft:step.grass
[00:29:30] [Client thread/WARN]: Unable to play unknown soundEvent: minecraft:mob.skeleton.say
[00:29:31] [Client thread/WARN]: Unable to play unknown soundEvent: minecraft:step.grass
[00:29:32] [Client thread/WARN]: Unable to play unknown soundEvent: minecraft:step.grass
[00:29:34] [Client thread/INFO]: [CHAT] Unknown command. Try /help for a list of commands
[00:29:36] [Client thread/WARN]: Unable to play unknown soundEvent: minecraft:step.grass
[00:29:36] [Client thread/WARN]: Unable to play unknown soundEvent: minecraft:step.grass
[00:29:38] [Client thread/WARN]: Unable to play unknown soundEvent: minecraft:step.grass
[00:29:39] [Client thread/WARN]: Unable to play unknown soundEvent: minecraft:gui.button.press
[00:29:42] [Client thread/WARN]: Unable to play unknown soundEvent: minecraft:gui.button.press
[00:29:42] [Client thread/WARN]: Unable to play unknown soundEvent: minecraft:gui.button.press
[00:29:42] [Client thread/INFO]: Stopping!
[00:29:42] [Client thread/INFO]: SoundSystem shutting down...
[00:29:43] [Client thread/WARN]: Author: Paul Lamb, www.paulscode.com
